[Thu Oct 17 18:01:48.538814 2024] [ssl:warn] [pid 14876:tid 372] AH01909: www.example.com:443:0 server certificate does NOT include an ID which matches the server name
[Thu Oct 17 18:01:48.690983 2024] [ssl:warn] [pid 14876:tid 372] AH01909: www.example.com:443:0 server certificate does NOT include an ID which matches the server name
[Thu Oct 17 18:01:48.740745 2024] [mpm_winnt:notice] [pid 14876:tid 372] AH00455: Apache/2.4.58 (Win64) OpenSSL/3.1.3 PHP/8.0.30 configured -- resuming normal operations
[Thu Oct 17 18:01:48.740745 2024] [mpm_winnt:notice] [pid 14876:tid 372] AH00456: Apache Lounge VS17 Server built: Oct 18 2023 13:03:18
[Thu Oct 17 18:01:48.740745 2024] [core:notice] [pid 14876:tid 372] AH00094: Command line: 'd:\\wordpess xamp install\\apache\\bin\\httpd.exe -d D:/wordpess xamp install/apache'
[Thu Oct 17 18:01:48.743912 2024] [mpm_winnt:notice] [pid 14876:tid 372] AH00418: Parent: Created child process 2744
[Thu Oct 17 18:01:49.592070 2024] [ssl:warn] [pid 2744:tid 388] AH01909: www.example.com:443:0 server certificate does NOT include an ID which matches the server name
[Thu Oct 17 18:01:49.825533 2024] [ssl:warn] [pid 2744:tid 388] AH01909: www.example.com:443:0 server certificate does NOT include an ID which matches the server name
[Thu Oct 17 18:01:49.939874 2024] [mpm_winnt:notice] [pid 2744:tid 388] AH00354: Child: Starting 150 worker threads.
[Thu Oct 17 18:05:25.342161 2024] [mpm_winnt:crit] [pid 2744:tid 388] AH02538: Child: Parent process exited abruptly. Child process is ending
[Thu Oct 17 18:05:29.135048 2024] [ssl:warn] [pid 7812:tid 384] AH01909: www.example.com:443:0 server certificate does NOT include an ID which matches the server name
[Thu Oct 17 18:05:29.220189 2024] [core:warn] [pid 7812:tid 384] AH00098: pid file D:/wordpess xamp install/apache/logs/httpd.pid overwritten -- Unclean shutdown of previous Apache run?
[Thu Oct 17 18:05:29.223190 2024] [ssl:warn] [pid 7812:tid 384] AH01909: www.example.com:443:0 server certificate does NOT include an ID which matches the server name
[Thu Oct 17 18:05:29.262225 2024] [mpm_winnt:notice] [pid 7812:tid 384] AH00455: Apache/2.4.58 (Win64) OpenSSL/3.1.3 PHP/8.0.30 configured -- resuming normal operations
[Thu Oct 17 18:05:29.262225 2024] [mpm_winnt:notice] [pid 7812:tid 384] AH00456: Apache Lounge VS17 Server built: Oct 18 2023 13:03:18
[Thu Oct 17 18:05:29.262225 2024] [core:notice] [pid 7812:tid 384] AH00094: Command line: 'd:\\wordpess xamp install\\apache\\bin\\httpd.exe -d D:/wordpess xamp install/apache'
[Thu Oct 17 18:05:29.266225 2024] [mpm_winnt:notice] [pid 7812:tid 384] AH00418: Parent: Created child process 15540
[Thu Oct 17 18:05:29.863209 2024] [ssl:warn] [pid 15540:tid 388] AH01909: www.example.com:443:0 server certificate does NOT include an ID which matches the server name
[Thu Oct 17 18:05:30.041259 2024] [ssl:warn] [pid 15540:tid 388] AH01909: www.example.com:443:0 server certificate does NOT include an ID which matches the server name
[Thu Oct 17 18:05:30.118586 2024] [mpm_winnt:notice] [pid 15540:tid 388] AH00354: Child: Starting 150 worker threads.
[Thu Oct 17 18:19:20.573467 2024] [mpm_winnt:crit] [pid 15540:tid 388] AH02538: Child: Parent process exited abruptly. Child process is ending
[Thu Oct 17 18:19:24.534998 2024] [ssl:warn] [pid 1736:tid 368] AH01909: www.example.com:443:0 server certificate does NOT include an ID which matches the server name
[Thu Oct 17 18:19:24.718134 2024] [core:warn] [pid 1736:tid 368] AH00098: pid file D:/wordpess xamp install/apache/logs/httpd.pid overwritten -- Unclean shutdown of previous Apache run?
[Thu Oct 17 18:19:24.726136 2024] [ssl:warn] [pid 1736:tid 368] AH01909: www.example.com:443:0 server certificate does NOT include an ID which matches the server name
[Thu Oct 17 18:19:24.793625 2024] [mpm_winnt:notice] [pid 1736:tid 368] AH00455: Apache/2.4.58 (Win64) OpenSSL/3.1.3 PHP/8.0.30 configured -- resuming normal operations
[Thu Oct 17 18:19:24.793625 2024] [mpm_winnt:notice] [pid 1736:tid 368] AH00456: Apache Lounge VS17 Server built: Oct 18 2023 13:03:18
[Thu Oct 17 18:19:24.793625 2024] [core:notice] [pid 1736:tid 368] AH00094: Command line: 'd:\\wordpess xamp install\\apache\\bin\\httpd.exe -d D:/wordpess xamp install/apache'
[Thu Oct 17 18:19:24.798986 2024] [mpm_winnt:notice] [pid 1736:tid 368] AH00418: Parent: Created child process 13128
[Thu Oct 17 18:19:25.450272 2024] [ssl:warn] [pid 13128:tid 368] AH01909: www.example.com:443:0 server certificate does NOT include an ID which matches the server name
[Thu Oct 17 18:19:25.593660 2024] [ssl:warn] [pid 13128:tid 368] AH01909: www.example.com:443:0 server certificate does NOT include an ID which matches the server name
[Thu Oct 17 18:19:25.677052 2024] [mpm_winnt:notice] [pid 13128:tid 368] AH00354: Child: Starting 150 worker threads.
[Thu Oct 17 18:44:06.478567 2024] [php:warn] [pid 13128:tid 2104] [client ::1:51542] PHP Warning:  Undefined array key "options" in D:\\wordpess xamp install\\htdocs\\rchcabs\\wordpress\\wp-content\\plugins\\pro-elements\\modules\\theme-builder\\widgets\\site-logo.php on line 194, referer: http://localhost/rchcabs/wordpress/wp-admin/admin.php?page=elementor-app&ver=3.24.7
[Thu Oct 17 18:46:26.982347 2024] [php:warn] [pid 13128:tid 2084] [client ::1:51600] PHP Warning:  Trying to access array offset on value of type bool in D:\\wordpess xamp install\\htdocs\\rchcabs\\wordpress\\wp-content\\plugins\\elementor\\includes\\managers\\image.php on line 113, referer: http://localhost/rchcabs/wordpress/wp-admin/post.php?post=19&action=elementor
[Thu Oct 17 18:46:26.984353 2024] [php:warn] [pid 13128:tid 2084] [client ::1:51600] PHP Warning:  Trying to access array offset on value of type bool in D:\\wordpess xamp install\\htdocs\\rchcabs\\wordpress\\wp-content\\plugins\\elementor\\includes\\managers\\image.php on line 113, referer: http://localhost/rchcabs/wordpress/wp-admin/post.php?post=19&action=elementor
[Thu Oct 17 18:46:26.985357 2024] [php:warn] [pid 13128:tid 2084] [client ::1:51600] PHP Warning:  Trying to access array offset on value of type bool in D:\\wordpess xamp install\\htdocs\\rchcabs\\wordpress\\wp-content\\plugins\\elementor\\includes\\managers\\image.php on line 113, referer: http://localhost/rchcabs/wordpress/wp-admin/post.php?post=19&action=elementor
[Thu Oct 17 18:46:26.985357 2024] [php:warn] [pid 13128:tid 2084] [client ::1:51600] PHP Warning:  Trying to access array offset on value of type bool in D:\\wordpess xamp install\\htdocs\\rchcabs\\wordpress\\wp-content\\plugins\\elementor\\includes\\managers\\image.php on line 113, referer: http://localhost/rchcabs/wordpress/wp-admin/post.php?post=19&action=elementor
[Thu Oct 17 18:46:26.986628 2024] [php:warn] [pid 13128:tid 2084] [client ::1:51600] PHP Warning:  Trying to access array offset on value of type bool in D:\\wordpess xamp install\\htdocs\\rchcabs\\wordpress\\wp-content\\plugins\\elementor\\includes\\managers\\image.php on line 113, referer: http://localhost/rchcabs/wordpress/wp-admin/post.php?post=19&action=elementor
[Thu Oct 17 18:46:26.987640 2024] [php:warn] [pid 13128:tid 2084] [client ::1:51600] PHP Warning:  Trying to access array offset on value of type bool in D:\\wordpess xamp install\\htdocs\\rchcabs\\wordpress\\wp-content\\plugins\\elementor\\includes\\managers\\image.php on line 113, referer: http://localhost/rchcabs/wordpress/wp-admin/post.php?post=19&action=elementor
[Thu Oct 17 18:46:26.988690 2024] [php:warn] [pid 13128:tid 2084] [client ::1:51600] PHP Warning:  Trying to access array offset on value of type bool in D:\\wordpess xamp install\\htdocs\\rchcabs\\wordpress\\wp-content\\plugins\\elementor\\includes\\managers\\image.php on line 113, referer: http://localhost/rchcabs/wordpress/wp-admin/post.php?post=19&action=elementor
[Thu Oct 17 18:46:26.989696 2024] [php:warn] [pid 13128:tid 2084] [client ::1:51600] PHP Warning:  Trying to access array offset on value of type bool in D:\\wordpess xamp install\\htdocs\\rchcabs\\wordpress\\wp-content\\plugins\\elementor\\includes\\managers\\image.php on line 113, referer: http://localhost/rchcabs/wordpress/wp-admin/post.php?post=19&action=elementor
[Thu Oct 17 18:46:33.332700 2024] [php:warn] [pid 13128:tid 2096] [client ::1:51606] PHP Warning:  Trying to access array offset on value of type bool in D:\\wordpess xamp install\\htdocs\\rchcabs\\wordpress\\wp-content\\plugins\\elementor\\includes\\managers\\image.php on line 113, referer: http://localhost/rchcabs/wordpress/wp-admin/post.php?post=19&action=elementor
[Thu Oct 17 18:46:40.985223 2024] [php:warn] [pid 13128:tid 2084] [client ::1:51614] PHP Warning:  Undefined array key "editor_post_id" in D:\\wordpess xamp install\\htdocs\\rchcabs\\wordpress\\wp-content\\plugins\\pro-elements\\modules\\theme-builder\\classes\\conditions-manager.php on line 171, referer: http://localhost/rchcabs/wordpress/wp-admin/post.php?post=19&action=elementor
[Thu Oct 17 18:47:17.027692 2024] [php:warn] [pid 13128:tid 2084] [client ::1:51644] PHP Warning:  Undefined array key "options" in D:\\wordpess xamp install\\htdocs\\rchcabs\\wordpress\\wp-content\\plugins\\pro-elements\\modules\\theme-builder\\widgets\\site-logo.php on line 194, referer: http://localhost/rchcabs/wordpress/wp-admin/post.php?post=19&action=elementor&active-document=18
[Thu Oct 17 18:55:22.144255 2024] [php:warn] [pid 13128:tid 1924] [client ::1:51853] PHP Warning:  Undefined array key "editor_post_id" in D:\\wordpess xamp install\\htdocs\\rchcabs\\wordpress\\wp-content\\plugins\\pro-elements\\modules\\theme-builder\\classes\\conditions-manager.php on line 171, referer: http://localhost/rchcabs/wordpress/wp-admin/post.php?post=19&action=elementor
[Thu Oct 17 19:00:09.288944 2024] [php:warn] [pid 13128:tid 1932] [client ::1:51962] PHP Warning:  Attempt to read property "title" on null in D:\\wordpess xamp install\\htdocs\\rchcabs\\wordpress\\wp-includes\\class-wp-customize-widgets.php on line 905, referer: http://localhost/rchcabs/wordpress/
[Thu Oct 17 19:01:59.708377 2024] [php:warn] [pid 13128:tid 2080] [client ::1:51985] PHP Warning:  Attempt to read property "title" on null in D:\\wordpess xamp install\\htdocs\\rchcabs\\wordpress\\wp-includes\\class-wp-customize-widgets.php on line 905, referer: http://localhost/rchcabs/wordpress/
[Thu Oct 17 19:02:03.964853 2024] [php:warn] [pid 13128:tid 1900] [client ::1:51991] PHP Warning:  Undefined array key "options" in D:\\wordpess xamp install\\htdocs\\rchcabs\\wordpress\\wp-content\\plugins\\pro-elements\\modules\\theme-builder\\widgets\\site-logo.php on line 194, referer: http://localhost/rchcabs/wordpress/wp-admin/customize.php?url=http%3A%2F%2Flocalhost%2Frchcabs%2Fwordpress%2F
[Thu Oct 17 19:02:38.487361 2024] [php:warn] [pid 13128:tid 2104] [client ::1:52011] PHP Warning:  Undefined array key "options" in D:\\wordpess xamp install\\htdocs\\rchcabs\\wordpress\\wp-content\\plugins\\pro-elements\\modules\\theme-builder\\widgets\\site-logo.php on line 194, referer: http://localhost/rchcabs/wordpress/wp-admin/edit.php?post_type=page
[Thu Oct 17 19:12:24.732122 2024] [php:warn] [pid 13128:tid 1932] [client ::1:52213] PHP Warning:  Undefined array key "options" in D:\\wordpess xamp install\\htdocs\\rchcabs\\wordpress\\wp-content\\plugins\\pro-elements\\modules\\theme-builder\\widgets\\site-logo.php on line 194, referer: http://localhost/rchcabs/wordpress/wp-admin/post.php?post=8&action=elementor
[Thu Oct 17 19:13:38.489286 2024] [php:warn] [pid 13128:tid 1900] [client ::1:52234] PHP Warning:  Undefined array key "options" in D:\\wordpess xamp install\\htdocs\\rchcabs\\wordpress\\wp-content\\plugins\\pro-elements\\modules\\theme-builder\\widgets\\site-logo.php on line 194, referer: http://localhost/rchcabs/wordpress/wp-admin/post.php?post=8&action=elementor
[Thu Oct 17 19:18:01.925678 2024] [php:warn] [pid 13128:tid 2080] [client ::1:52324] PHP Warning:  Undefined array key "options" in D:\\wordpess xamp install\\htdocs\\rchcabs\\wordpress\\wp-content\\plugins\\pro-elements\\modules\\theme-builder\\widgets\\site-logo.php on line 194, referer: http://localhost/rchcabs/wordpress/wp-admin/post.php?post=8&action=elementor
[Thu Oct 17 19:18:22.725770 2024] [php:warn] [pid 13128:tid 2080] [client ::1:52342] PHP Warning:  Undefined array key "options" in D:\\wordpess xamp install\\htdocs\\rchcabs\\wordpress\\wp-content\\plugins\\pro-elements\\modules\\theme-builder\\widgets\\site-logo.php on line 194, referer: http://localhost/rchcabs/wordpress/home/?preview_id=8&preview_nonce=2d6fe9a2a4&preview=true
[Thu Oct 17 19:18:29.151043 2024] [php:warn] [pid 13128:tid 2080] [client ::1:52342] PHP Warning:  Undefined array key "options" in D:\\wordpess xamp install\\htdocs\\rchcabs\\wordpress\\wp-content\\plugins\\pro-elements\\modules\\theme-builder\\widgets\\site-logo.php on line 194, referer: http://localhost/rchcabs/wordpress/one-way/
[Thu Oct 17 19:20:08.910909 2024] [php:warn] [pid 13128:tid 2076] [client ::1:52381] PHP Warning:  Undefined array key "options" in D:\\wordpess xamp install\\htdocs\\rchcabs\\wordpress\\wp-content\\plugins\\pro-elements\\modules\\theme-builder\\widgets\\site-logo.php on line 194, referer: http://localhost/rchcabs/wordpress/wp-admin/post.php?post=8&action=elementor
[Thu Oct 17 19:21:52.485302 2024] [php:warn] [pid 13128:tid 1932] [client ::1:52422] PHP Warning:  Undefined array key "options" in D:\\wordpess xamp install\\htdocs\\rchcabs\\wordpress\\wp-content\\plugins\\pro-elements\\modules\\theme-builder\\widgets\\site-logo.php on line 194, referer: http://localhost/rchcabs/wordpress/wp-admin/post.php?post=8&action=elementor
[Thu Oct 17 19:24:14.277304 2024] [php:warn] [pid 13128:tid 1932] [client ::1:52495] PHP Warning:  Undefined array key "options" in D:\\wordpess xamp install\\htdocs\\rchcabs\\wordpress\\wp-content\\plugins\\pro-elements\\modules\\theme-builder\\widgets\\site-logo.php on line 194, referer: http://localhost/rchcabs/wordpress/home/?elementor-preview=8&ver=1729171972
[Thu Oct 17 19:30:13.860312 2024] [php:warn] [pid 13128:tid 1924] [client ::1:52588] PHP Warning:  Undefined array key "options" in D:\\wordpess xamp install\\htdocs\\rchcabs\\wordpress\\wp-content\\plugins\\pro-elements\\modules\\theme-builder\\widgets\\site-logo.php on line 194, referer: http://localhost/rchcabs/wordpress/wp-admin/post.php?post=8&action=elementor
[Thu Oct 17 19:30:29.360318 2024] [php:warn] [pid 13128:tid 2080] [client ::1:52586] PHP Warning:  Undefined array key "options" in D:\\wordpess xamp install\\htdocs\\rchcabs\\wordpress\\wp-content\\plugins\\pro-elements\\modules\\theme-builder\\widgets\\site-logo.php on line 194, referer: http://localhost/rchcabs/wordpress/wp-admin/post.php?post=8&action=elementor
[Thu Oct 17 19:31:11.189111 2024] [php:warn] [pid 13128:tid 1900] [client ::1:52607] PHP Warning:  Undefined array key "options" in D:\\wordpess xamp install\\htdocs\\rchcabs\\wordpress\\wp-content\\plugins\\pro-elements\\modules\\theme-builder\\widgets\\site-logo.php on line 194, referer: http://localhost/rchcabs/wordpress/wp-admin/admin.php?page=elementor-app&ver=3.24.7
[Thu Oct 17 19:31:15.311998 2024] [php:warn] [pid 13128:tid 2104] [client ::1:52638] PHP Warning:  Undefined array key "options" in D:\\wordpess xamp install\\htdocs\\rchcabs\\wordpress\\wp-content\\plugins\\pro-elements\\modules\\theme-builder\\widgets\\site-logo.php on line 194, referer: http://localhost/rchcabs/wordpress/wp-admin/admin.php?page=elementor-app&ver=3.24.7
[Thu Oct 17 19:31:37.044147 2024] [php:warn] [pid 13128:tid 2080] [client ::1:52650] PHP Warning:  Undefined array key "options" in D:\\wordpess xamp install\\htdocs\\rchcabs\\wordpress\\wp-content\\plugins\\pro-elements\\modules\\theme-builder\\widgets\\site-logo.php on line 194, referer: http://localhost/rchcabs/wordpress/wp-admin/admin.php?page=elementor-app&ver=3.24.7
[Thu Oct 17 19:31:49.555314 2024] [php:warn] [pid 13128:tid 2104] [client ::1:52664] PHP Warning:  Undefined array key "options" in D:\\wordpess xamp install\\htdocs\\rchcabs\\wordpress\\wp-content\\plugins\\pro-elements\\modules\\theme-builder\\widgets\\site-logo.php on line 194, referer: http://localhost/rchcabs/wordpress/wp-admin/edit.php?post_type=page
[Thu Oct 17 19:32:30.548111 2024] [php:warn] [pid 13128:tid 1924] [client ::1:52679] PHP Warning:  Attempt to read property "title" on null in D:\\wordpess xamp install\\htdocs\\rchcabs\\wordpress\\wp-includes\\class-wp-customize-widgets.php on line 905, referer: http://localhost/rchcabs/wordpress/wp-admin/
[Thu Oct 17 19:32:36.014669 2024] [php:warn] [pid 13128:tid 2080] [client ::1:52680] PHP Warning:  Undefined array key "options" in D:\\wordpess xamp install\\htdocs\\rchcabs\\wordpress\\wp-content\\plugins\\pro-elements\\modules\\theme-builder\\widgets\\site-logo.php on line 194, referer: http://localhost/rchcabs/wordpress/wp-admin/customize.php?return=%2Frchcabs%2Fwordpress%2Fwp-admin%2F
[Thu Oct 17 19:32:36.123074 2024] [php:warn] [pid 13128:tid 2080] [client ::1:52680] PHP Warning:  Undefined array key "options" in D:\\wordpess xamp install\\htdocs\\rchcabs\\wordpress\\wp-content\\plugins\\pro-elements\\modules\\theme-builder\\widgets\\site-logo.php on line 194, referer: http://localhost/rchcabs/wordpress/wp-admin/customize.php?return=%2Frchcabs%2Fwordpress%2Fwp-admin%2F
[Thu Oct 17 19:34:39.358000 2024] [php:warn] [pid 13128:tid 1932] [client ::1:52732] PHP Warning:  Attempt to read property "title" on null in D:\\wordpess xamp install\\htdocs\\rchcabs\\wordpress\\wp-includes\\class-wp-customize-widgets.php on line 905, referer: http://localhost/rchcabs/wordpress/wp-admin/edit.php?post_type=elementor_library&tabs_group=library
[Thu Oct 17 19:34:47.329535 2024] [php:warn] [pid 13128:tid 1900] [client ::1:52745] PHP Warning:  Undefined array key "options" in D:\\wordpess xamp install\\htdocs\\rchcabs\\wordpress\\wp-content\\plugins\\pro-elements\\modules\\theme-builder\\widgets\\site-logo.php on line 194, referer: http://localhost/rchcabs/wordpress/wp-admin/customize.php?return=%2Frchcabs%2Fwordpress%2Fwp-admin%2Fedit.php%3Fpost_type%3Delementor_library%26tabs_group%3Dlibrary
[Thu Oct 17 19:34:47.517629 2024] [php:warn] [pid 13128:tid 1900] [client ::1:52745] PHP Warning:  Undefined array key "options" in D:\\wordpess xamp install\\htdocs\\rchcabs\\wordpress\\wp-content\\plugins\\pro-elements\\modules\\theme-builder\\widgets\\site-logo.php on line 194, referer: http://localhost/rchcabs/wordpress/wp-admin/customize.php?return=%2Frchcabs%2Fwordpress%2Fwp-admin%2Fedit.php%3Fpost_type%3Delementor_library%26tabs_group%3Dlibrary
[Thu Oct 17 19:34:55.733241 2024] [php:warn] [pid 13128:tid 2076] [client ::1:52738] PHP Warning:  Undefined array key "options" in D:\\wordpess xamp install\\htdocs\\rchcabs\\wordpress\\wp-content\\plugins\\pro-elements\\modules\\theme-builder\\widgets\\site-logo.php on line 194, referer: http://localhost/rchcabs/wordpress/wp-admin/site-editor.php?postType=wp_block
[Thu Oct 17 19:34:59.450455 2024] [php:warn] [pid 13128:tid 2076] [client ::1:52738] PHP Warning:  Undefined array key "options" in D:\\wordpess xamp install\\htdocs\\rchcabs\\wordpress\\wp-content\\plugins\\pro-elements\\modules\\theme-builder\\widgets\\site-logo.php on line 194, referer: http://localhost/rchcabs/wordpress/wp-admin/customize.php?return=%2Frchcabs%2Fwordpress%2Fwp-admin%2Fedit.php%3Fpost_type%3Delementor_library%26tabs_group%3Dlibrary
[Thu Oct 17 19:34:59.574375 2024] [php:warn] [pid 13128:tid 2076] [client ::1:52738] PHP Warning:  Undefined array key "options" in D:\\wordpess xamp install\\htdocs\\rchcabs\\wordpress\\wp-content\\plugins\\pro-elements\\modules\\theme-builder\\widgets\\site-logo.php on line 194, referer: http://localhost/rchcabs/wordpress/wp-admin/customize.php?return=%2Frchcabs%2Fwordpress%2Fwp-admin%2Fedit.php%3Fpost_type%3Delementor_library%26tabs_group%3Dlibrary
[Thu Oct 17 19:38:26.707025 2024] [php:warn] [pid 13128:tid 2080] [client ::1:52807] PHP Warning:  Undefined array key "options" in D:\\wordpess xamp install\\htdocs\\rchcabs\\wordpress\\wp-content\\plugins\\pro-elements\\modules\\theme-builder\\widgets\\site-logo.php on line 194, referer: http://localhost/rchcabs/wordpress/wp-admin/options-reading.php
[Thu Oct 17 19:38:37.726314 2024] [php:warn] [pid 13128:tid 1924] [client ::1:52837] PHP Warning:  Undefined array key "options" in D:\\wordpess xamp install\\htdocs\\rchcabs\\wordpress\\wp-content\\plugins\\pro-elements\\modules\\theme-builder\\widgets\\site-logo.php on line 194, referer: http://localhost/rchcabs/wordpress/wp-admin/options-reading.php
[Thu Oct 17 19:39:39.481130 2024] [php:warn] [pid 13128:tid 2080] [client ::1:52850] PHP Warning:  Attempt to read property "title" on null in D:\\wordpess xamp install\\htdocs\\rchcabs\\wordpress\\wp-includes\\class-wp-customize-widgets.php on line 905, referer: http://localhost/rchcabs/wordpress/wp-admin/options-reading.php
[Thu Oct 17 19:39:44.856419 2024] [php:warn] [pid 13128:tid 1900] [client ::1:52855] PHP Warning:  Undefined array key "options" in D:\\wordpess xamp install\\htdocs\\rchcabs\\wordpress\\wp-content\\plugins\\pro-elements\\modules\\theme-builder\\widgets\\site-logo.php on line 194, referer: http://localhost/rchcabs/wordpress/wp-admin/customize.php?return=%2Frchcabs%2Fwordpress%2Fwp-admin%2Foptions-reading.php
[Thu Oct 17 19:39:44.962855 2024] [php:warn] [pid 13128:tid 1900] [client ::1:52855] PHP Warning:  Undefined array key "options" in D:\\wordpess xamp install\\htdocs\\rchcabs\\wordpress\\wp-content\\plugins\\pro-elements\\modules\\theme-builder\\widgets\\site-logo.php on line 194, referer: http://localhost/rchcabs/wordpress/wp-admin/customize.php?return=%2Frchcabs%2Fwordpress%2Fwp-admin%2Foptions-reading.php
[Thu Oct 17 19:54:13.126593 2024] [php:warn] [pid 13128:tid 1860] [client ::1:53288] PHP Warning:  Undefined array key "options" in D:\\wordpess xamp install\\htdocs\\rchcabs\\wordpress\\wp-content\\plugins\\pro-elements\\modules\\theme-builder\\widgets\\site-logo.php on line 194, referer: http://localhost/rchcabs/wordpress/wp-admin/post.php?post=61&action=elementor
[Thu Oct 17 19:54:22.367950 2024] [php:warn] [pid 13128:tid 2100] [client ::1:53317] PHP Warning:  Undefined array key "options" in D:\\wordpess xamp install\\htdocs\\rchcabs\\wordpress\\wp-content\\plugins\\pro-elements\\modules\\theme-builder\\widgets\\site-logo.php on line 194, referer: http://localhost/rchcabs/wordpress/?elementor_library=home-page-popup&preview=1&preview_nonce=caf326c4b5&theme_template_id=61
[Thu Oct 17 19:54:24.617050 2024] [php:warn] [pid 13128:tid 2100] [client ::1:53317] PHP Warning:  Undefined array key "options" in D:\\wordpess xamp install\\htdocs\\rchcabs\\wordpress\\wp-content\\plugins\\pro-elements\\modules\\theme-builder\\widgets\\site-logo.php on line 194, referer: http://localhost/rchcabs/wordpress/?page_id=15
[Thu Oct 17 19:59:16.316119 2024] [php:warn] [pid 13128:tid 2096] [client ::1:53422] PHP Warning:  Undefined array key "options" in D:\\wordpess xamp install\\htdocs\\rchcabs\\wordpress\\wp-content\\plugins\\pro-elements\\modules\\theme-builder\\widgets\\site-logo.php on line 194, referer: http://localhost/rchcabs/wordpress/wp-admin/post.php?post=61&action=elementor
[Thu Oct 17 19:59:42.589265 2024] [php:warn] [pid 13128:tid 2084] [client ::1:53436] PHP Warning:  Undefined array key "options" in D:\\wordpess xamp install\\htdocs\\rchcabs\\wordpress\\wp-content\\plugins\\pro-elements\\modules\\theme-builder\\widgets\\site-logo.php on line 194, referer: http://localhost/rchcabs/wordpress/?elementor_library=home-page-popup&preview_id=61&preview_nonce=caf326c4b5&preview=true
[Thu Oct 17 20:00:14.781564 2024] [php:warn] [pid 13128:tid 2084] [client ::1:53494] PHP Warning:  Undefined array key "options" in D:\\wordpess xamp install\\htdocs\\rchcabs\\wordpress\\wp-content\\plugins\\pro-elements\\modules\\theme-builder\\widgets\\site-logo.php on line 194, referer: http://localhost/rchcabs/wordpress/?elementor-preview=8&ver=1729175396
[Thu Oct 17 21:53:24.367184 2024] [ssl:warn] [pid 7132:tid 372] AH01909: www.example.com:443:0 server certificate does NOT include an ID which matches the server name
[Thu Oct 17 21:53:24.465368 2024] [core:warn] [pid 7132:tid 372] AH00098: pid file D:/wordpess xamp install/apache/logs/httpd.pid overwritten -- Unclean shutdown of previous Apache run?
[Thu Oct 17 21:53:24.496125 2024] [ssl:warn] [pid 7132:tid 372] AH01909: www.example.com:443:0 server certificate does NOT include an ID which matches the server name
[Thu Oct 17 21:53:24.542642 2024] [mpm_winnt:notice] [pid 7132:tid 372] AH00455: Apache/2.4.58 (Win64) OpenSSL/3.1.3 PHP/8.0.30 configured -- resuming normal operations
[Thu Oct 17 21:53:24.542642 2024] [mpm_winnt:notice] [pid 7132:tid 372] AH00456: Apache Lounge VS17 Server built: Oct 18 2023 13:03:18
[Thu Oct 17 21:53:24.542642 2024] [core:notice] [pid 7132:tid 372] AH00094: Command line: 'd:\\wordpess xamp install\\apache\\bin\\httpd.exe -d D:/wordpess xamp install/apache'
[Thu Oct 17 21:53:24.545638 2024] [mpm_winnt:notice] [pid 7132:tid 372] AH00418: Parent: Created child process 12604
[Thu Oct 17 21:53:25.093265 2024] [ssl:warn] [pid 12604:tid 388] AH01909: www.example.com:443:0 server certificate does NOT include an ID which matches the server name
[Thu Oct 17 21:53:25.343385 2024] [ssl:warn] [pid 12604:tid 388] AH01909: www.example.com:443:0 server certificate does NOT include an ID which matches the server name
[Thu Oct 17 21:53:25.440928 2024] [mpm_winnt:notice] [pid 12604:tid 388] AH00354: Child: Starting 150 worker threads.
[Thu Oct 17 21:54:11.663785 2024] [php:warn] [pid 12604:tid 2072] [client ::1:50093] PHP Warning:  Undefined array key "options" in D:\\wordpess xamp install\\htdocs\\rchcabs\\wordpress\\wp-content\\plugins\\pro-elements\\modules\\theme-builder\\widgets\\site-logo.php on line 194, referer: http://localhost/rchcabs/wordpress/?elementor-preview=8&ver=1729182221
[Thu Oct 17 22:26:57.182600 2024] [php:warn] [pid 12604:tid 2064] [client ::1:51180] PHP Warning:  Undefined array key "options" in D:\\wordpess xamp install\\htdocs\\rchcabs\\wordpress\\wp-content\\plugins\\pro-elements\\modules\\theme-builder\\widgets\\site-logo.php on line 194, referer: http://localhost/rchcabs/wordpress/wp-admin/post.php?post=8&action=elementor
[Thu Oct 17 22:29:15.066571 2024] [core:error] [pid 12604:tid 2064] (20024)The given path is misformatted or contained invalid characters: [client ::1:51228] AH00127: Cannot map GET /%22https://rchcabs.com/assets/images/toyota-etios-1-586x331.jpg/%22 HTTP/1.1 to file, referer: http://localhost/rchcabs/wordpress/?elementor-preview=8&ver=1729182221
[Thu Oct 17 22:29:15.145820 2024] [core:error] [pid 12604:tid 2064] (20024)The given path is misformatted or contained invalid characters: [client ::1:51228] AH00127: Cannot map GET /%22https://rchcabs.com/assets/images/toyota-etios-1-586x331.jpg/%22 HTTP/1.1 to file, referer: http://localhost/rchcabs/wordpress/wp-admin/post.php?post=8&action=elementor
[Thu Oct 17 22:39:53.361869 2024] [php:warn] [pid 12604:tid 2064] [client ::1:51531] PHP Warning:  Undefined array key "options" in D:\\wordpess xamp install\\htdocs\\rchcabs\\wordpress\\wp-content\\plugins\\pro-elements\\modules\\theme-builder\\widgets\\site-logo.php on line 194, referer: http://localhost/rchcabs/wordpress/wp-admin/post.php?post=8&action=elementor
[Thu Oct 17 22:41:43.772672 2024] [php:warn] [pid 12604:tid 2064] [client ::1:51604] PHP Warning:  Undefined array key "options" in D:\\wordpess xamp install\\htdocs\\rchcabs\\wordpress\\wp-content\\plugins\\pro-elements\\modules\\theme-builder\\widgets\\site-logo.php on line 194, referer: http://localhost/rchcabs/wordpress/wp-admin/post.php?post=8&action=elementor
[Thu Oct 17 22:45:51.506384 2024] [php:warn] [pid 12604:tid 2100] [client ::1:51806] PHP Warning:  Undefined array key "options" in D:\\wordpess xamp install\\htdocs\\rchcabs\\wordpress\\wp-content\\plugins\\pro-elements\\modules\\theme-builder\\widgets\\site-logo.php on line 194, referer: http://localhost/rchcabs/wordpress/?post_type=elementor_library&p=86&elementor-preview=86&ver=1729185158
[Thu Oct 17 22:52:02.454131 2024] [php:warn] [pid 12604:tid 2064] [client ::1:51972] PHP Warning:  Undefined array key "options" in D:\\wordpess xamp install\\htdocs\\rchcabs\\wordpress\\wp-content\\plugins\\pro-elements\\modules\\theme-builder\\widgets\\site-logo.php on line 194, referer: http://localhost/rchcabs/wordpress/wp-admin/post.php?post=86&action=elementor
[Thu Oct 17 22:53:20.230613 2024] [php:warn] [pid 12604:tid 2072] [client ::1:52025] PHP Warning:  Undefined array key "options" in D:\\wordpess xamp install\\htdocs\\rchcabs\\wordpress\\wp-content\\plugins\\pro-elements\\modules\\theme-builder\\widgets\\site-logo.php on line 194, referer: http://localhost/rchcabs/wordpress/wp-admin/post.php?post=86&action=elementor
[Thu Oct 17 22:53:34.976447 2024] [php:warn] [pid 12604:tid 2072] [client ::1:52025] PHP Warning:  Undefined array key "options" in D:\\wordpess xamp install\\htdocs\\rchcabs\\wordpress\\wp-content\\plugins\\pro-elements\\modules\\theme-builder\\widgets\\site-logo.php on line 194, referer: http://localhost/rchcabs/wordpress/wp-admin/post.php?post=86&action=elementor
[Thu Oct 17 22:53:45.371442 2024] [php:warn] [pid 12604:tid 2072] [client ::1:52025] PHP Warning:  Undefined array key "options" in D:\\wordpess xamp install\\htdocs\\rchcabs\\wordpress\\wp-content\\plugins\\pro-elements\\modules\\theme-builder\\widgets\\site-logo.php on line 194, referer: http://localhost/rchcabs/wordpress/?elementor_library=elementor-footer-86&preview_id=86&preview_nonce=8021c2acbf&preview=true
[Fri Oct 18 08:18:29.726672 2024] [ssl:warn] [pid 17296:tid 400] AH01909: www.example.com:443:0 server certificate does NOT include an ID which matches the server name
[Fri Oct 18 08:18:29.814675 2024] [core:warn] [pid 17296:tid 400] AH00098: pid file D:/wordpess xamp install/apache/logs/httpd.pid overwritten -- Unclean shutdown of previous Apache run?
[Fri Oct 18 08:18:29.817670 2024] [ssl:warn] [pid 17296:tid 400] AH01909: www.example.com:443:0 server certificate does NOT include an ID which matches the server name
[Fri Oct 18 08:18:29.866672 2024] [mpm_winnt:notice] [pid 17296:tid 400] AH00455: Apache/2.4.58 (Win64) OpenSSL/3.1.3 PHP/8.0.30 configured -- resuming normal operations
[Fri Oct 18 08:18:29.866672 2024] [mpm_winnt:notice] [pid 17296:tid 400] AH00456: Apache Lounge VS17 Server built: Oct 18 2023 13:03:18
[Fri Oct 18 08:18:29.866672 2024] [core:notice] [pid 17296:tid 400] AH00094: Command line: 'd:\\wordpess xamp install\\apache\\bin\\httpd.exe -d D:/wordpess xamp install/apache'
[Fri Oct 18 08:18:29.868671 2024] [mpm_winnt:notice] [pid 17296:tid 400] AH00418: Parent: Created child process 16340
[Fri Oct 18 08:18:35.338666 2024] [ssl:warn] [pid 16340:tid 376] AH01909: www.example.com:443:0 server certificate does NOT include an ID which matches the server name
[Fri Oct 18 08:18:35.405683 2024] [ssl:warn] [pid 16340:tid 376] AH01909: www.example.com:443:0 server certificate does NOT include an ID which matches the server name
[Fri Oct 18 08:18:35.436672 2024] [mpm_winnt:notice] [pid 16340:tid 376] AH00354: Child: Starting 150 worker threads.
[Fri Oct 18 08:18:58.435761 2024] [php:warn] [pid 16340:tid 1940] [client ::1:49803] PHP Warning:  Undefined array key "options" in D:\\wordpess xamp install\\htdocs\\rchcabs\\wordpress\\wp-content\\plugins\\pro-elements\\modules\\theme-builder\\widgets\\site-logo.php on line 194, referer: http://localhost/rchcabs/wordpress/?elementor_library=elementor-footer-86&preview_id=86&preview_nonce=8021c2acbf&preview=true
[Fri Oct 18 08:25:10.053925 2024] [php:warn] [pid 16340:tid 1896] [client ::1:50316] PHP Warning:  Undefined array key "options" in D:\\wordpess xamp install\\htdocs\\rchcabs\\wordpress\\wp-content\\plugins\\pro-elements\\modules\\theme-builder\\widgets\\site-logo.php on line 194, referer: http://localhost/rchcabs/wordpress/wp-admin/post.php?post=86&action=elementor
[Fri Oct 18 08:26:02.548750 2024] [php:warn] [pid 16340:tid 1896] [client ::1:50358] PHP Warning:  Undefined array key "options" in D:\\wordpess xamp install\\htdocs\\rchcabs\\wordpress\\wp-content\\plugins\\pro-elements\\modules\\theme-builder\\widgets\\site-logo.php on line 194, referer: http://localhost/rchcabs/wordpress/wp-admin/post.php?post=86&action=elementor
[Fri Oct 18 08:28:24.566266 2024] [php:warn] [pid 16340:tid 1896] [client ::1:50428] PHP Warning:  Undefined array key "options" in D:\\wordpess xamp install\\htdocs\\rchcabs\\wordpress\\wp-content\\plugins\\pro-elements\\modules\\theme-builder\\widgets\\site-logo.php on line 194, referer: http://localhost/rchcabs/wordpress/wp-admin/post.php?post=86&action=elementor
[Fri Oct 18 08:30:29.828718 2024] [php:warn] [pid 16340:tid 1896] [client ::1:50514] PHP Warning:  Undefined array key "options" in D:\\wordpess xamp install\\htdocs\\rchcabs\\wordpress\\wp-content\\plugins\\pro-elements\\modules\\theme-builder\\widgets\\site-logo.php on line 194, referer: http://localhost/rchcabs/wordpress/?elementor_library=elementor-footer-86&elementor-preview=86&ver=1729219741
[Fri Oct 18 08:34:16.768304 2024] [php:warn] [pid 16340:tid 1912] [client ::1:50703] PHP Warning:  Undefined array key "options" in D:\\wordpess xamp install\\htdocs\\rchcabs\\wordpress\\wp-content\\plugins\\pro-elements\\modules\\theme-builder\\widgets\\site-logo.php on line 194, referer: http://localhost/rchcabs/wordpress/wp-admin/post.php?post=86&action=elementor
[Fri Oct 18 08:35:11.642319 2024] [php:warn] [pid 16340:tid 1904] [client ::1:50744] PHP Warning:  Undefined array key "options" in D:\\wordpess xamp install\\htdocs\\rchcabs\\wordpress\\wp-content\\plugins\\pro-elements\\modules\\theme-builder\\widgets\\site-logo.php on line 194, referer: http://localhost/rchcabs/wordpress/wp-admin/post.php?post=86&action=elementor
[Fri Oct 18 08:38:18.405555 2024] [php:warn] [pid 16340:tid 1904] [client ::1:50880] PHP Warning:  Undefined array key "options" in D:\\wordpess xamp install\\htdocs\\rchcabs\\wordpress\\wp-content\\plugins\\pro-elements\\modules\\theme-builder\\widgets\\site-logo.php on line 194, referer: http://localhost/rchcabs/wordpress/wp-admin/post.php?post=86&action=elementor
[Fri Oct 18 08:39:07.255152 2024] [php:warn] [pid 16340:tid 1940] [client ::1:50927] PHP Warning:  Undefined array key "options" in D:\\wordpess xamp install\\htdocs\\rchcabs\\wordpress\\wp-content\\plugins\\pro-elements\\modules\\theme-builder\\widgets\\site-logo.php on line 194, referer: http://localhost/rchcabs/wordpress/?elementor_library=elementor-footer-86&preview_id=86&preview_nonce=df0d5d0176&preview=true
[Fri Oct 18 08:39:44.537186 2024] [php:warn] [pid 16340:tid 1940] [client ::1:50938] PHP Warning:  Undefined array key "options" in D:\\wordpess xamp install\\htdocs\\rchcabs\\wordpress\\wp-content\\plugins\\pro-elements\\modules\\theme-builder\\widgets\\site-logo.php on line 194, referer: http://localhost/rchcabs/wordpress/wp-admin/post.php?post=86&action=elementor
[Fri Oct 18 08:41:13.644953 2024] [php:warn] [pid 16340:tid 1940] [client ::1:51029] PHP Warning:  Undefined array key "options" in D:\\wordpess xamp install\\htdocs\\rchcabs\\wordpress\\wp-content\\plugins\\pro-elements\\modules\\theme-builder\\widgets\\site-logo.php on line 194, referer: http://localhost/rchcabs/wordpress/?elementor_library=elementor-footer-86&preview=1&preview_nonce=df0d5d0176&theme_template_id=86
[Fri Oct 18 08:42:08.851839 2024] [php:warn] [pid 16340:tid 1940] [client ::1:51067] PHP Warning:  Undefined array key "options" in D:\\wordpess xamp install\\htdocs\\rchcabs\\wordpress\\wp-content\\plugins\\pro-elements\\modules\\theme-builder\\widgets\\site-logo.php on line 194, referer: http://localhost/rchcabs/wordpress/wp-admin/post.php?post=86&action=elementor
[Fri Oct 18 08:42:14.843134 2024] [php:warn] [pid 16340:tid 1940] [client ::1:51067] PHP Warning:  Undefined array key "options" in D:\\wordpess xamp install\\htdocs\\rchcabs\\wordpress\\wp-content\\plugins\\pro-elements\\modules\\theme-builder\\widgets\\site-logo.php on line 194, referer: http://localhost/rchcabs/wordpress/wp-admin/post.php?post=86&action=elementor
[Fri Oct 18 08:42:17.867726 2024] [php:warn] [pid 16340:tid 1940] [client ::1:51067] PHP Warning:  Undefined array key "options" in D:\\wordpess xamp install\\htdocs\\rchcabs\\wordpress\\wp-content\\plugins\\pro-elements\\modules\\theme-builder\\widgets\\site-logo.php on line 194, referer: http://localhost/rchcabs/wordpress/?elementor_library=elementor-footer-86&preview_id=86&preview_nonce=df0d5d0176&preview=true
[Fri Oct 18 08:43:52.948475 2024] [php:warn] [pid 16340:tid 1896] [client ::1:51155] PHP Warning:  Undefined array key "options" in D:\\wordpess xamp install\\htdocs\\rchcabs\\wordpress\\wp-content\\plugins\\pro-elements\\modules\\theme-builder\\widgets\\site-logo.php on line 194, referer: http://localhost/rchcabs/wordpress/?elementor_library=elementor-footer-86&elementor-preview=86&ver=1729220960
[Fri Oct 18 08:44:21.169966 2024] [php:warn] [pid 16340:tid 1896] [client ::1:51165] PHP Warning:  Undefined array key "options" in D:\\wordpess xamp install\\htdocs\\rchcabs\\wordpress\\wp-content\\plugins\\pro-elements\\modules\\theme-builder\\widgets\\site-logo.php on line 194, referer: http://localhost/rchcabs/wordpress/?elementor_library=elementor-footer-86&elementor-preview=86&ver=1729220960
[Fri Oct 18 08:49:48.202512 2024] [php:warn] [pid 16340:tid 1900] [client ::1:51358] PHP Warning:  Undefined array key "options" in D:\\wordpess xamp install\\htdocs\\rchcabs\\wordpress\\wp-content\\plugins\\pro-elements\\modules\\theme-builder\\widgets\\site-logo.php on line 194, referer: http://localhost/rchcabs/wordpress/?page_id=11&elementor-preview=11&ver=1729221415
[Fri Oct 18 09:05:11.605331 2024] [php:warn] [pid 16340:tid 1912] [client ::1:51635] PHP Warning:  Undefined array key "options" in D:\\wordpess xamp install\\htdocs\\rchcabs\\wordpress\\wp-content\\plugins\\pro-elements\\modules\\theme-builder\\widgets\\site-logo.php on line 194, referer: http://localhost/rchcabs/wordpress/wp-admin/post.php?post=11&action=elementor
[Fri Oct 18 09:07:30.841803 2024] [php:warn] [pid 16340:tid 1892] [client ::1:51686] PHP Warning:  Undefined array key "options" in D:\\wordpess xamp install\\htdocs\\rchcabs\\wordpress\\wp-content\\plugins\\pro-elements\\modules\\theme-builder\\widgets\\site-logo.php on line 194, referer: http://localhost/rchcabs/wordpress/wp-admin/post.php?post=11&action=elementor
[Fri Oct 18 09:08:22.029075 2024] [php:warn] [pid 16340:tid 1892] [client ::1:51706] PHP Warning:  Undefined array key "options" in D:\\wordpess xamp install\\htdocs\\rchcabs\\wordpress\\wp-content\\plugins\\pro-elements\\modules\\theme-builder\\widgets\\site-logo.php on line 194, referer: http://localhost/rchcabs/wordpress/wp-admin/post.php?post=11&action=elementor
[Fri Oct 18 09:09:48.450661 2024] [php:warn] [pid 16340:tid 1892] [client ::1:51768] PHP Warning:  Undefined array key "options" in D:\\wordpess xamp install\\htdocs\\rchcabs\\wordpress\\wp-content\\plugins\\pro-elements\\modules\\theme-builder\\widgets\\site-logo.php on line 194, referer: http://localhost/rchcabs/wordpress/?page_id=11&preview_id=11&preview_nonce=0a694ce586&preview=true
[Fri Oct 18 09:12:20.079711 2024] [php:warn] [pid 16340:tid 1904] [client ::1:51822] PHP Warning:  Undefined array key "options" in D:\\wordpess xamp install\\htdocs\\rchcabs\\wordpress\\wp-content\\plugins\\pro-elements\\modules\\theme-builder\\widgets\\site-logo.php on line 194, referer: http://localhost/rchcabs/wordpress/wp-admin/post.php?post=11&action=elementor
[Fri Oct 18 09:53:02.065694 2024] [php:warn] [pid 16340:tid 1900] [client ::1:52350] PHP Warning:  Undefined array key "options" in D:\\wordpess xamp install\\htdocs\\rchcabs\\wordpress\\wp-content\\plugins\\pro-elements\\modules\\theme-builder\\widgets\\site-logo.php on line 194, referer: http://localhost/rchcabs/wordpress/wp-admin/post.php?post=11&action=elementor
[Fri Oct 18 17:36:25.460938 2024] [ssl:warn] [pid 11052:tid 364] AH01909: www.example.com:443:0 server certificate does NOT include an ID which matches the server name
[Fri Oct 18 17:36:25.785514 2024] [core:warn] [pid 11052:tid 364] AH00098: pid file D:/wordpess xamp install/apache/logs/httpd.pid overwritten -- Unclean shutdown of previous Apache run?
[Fri Oct 18 17:36:25.792558 2024] [ssl:warn] [pid 11052:tid 364] AH01909: www.example.com:443:0 server certificate does NOT include an ID which matches the server name
[Fri Oct 18 17:36:26.037261 2024] [mpm_winnt:notice] [pid 11052:tid 364] AH00455: Apache/2.4.58 (Win64) OpenSSL/3.1.3 PHP/8.0.30 configured -- resuming normal operations
[Fri Oct 18 17:36:26.037261 2024] [mpm_winnt:notice] [pid 11052:tid 364] AH00456: Apache Lounge VS17 Server built: Oct 18 2023 13:03:18
[Fri Oct 18 17:36:26.037261 2024] [core:notice] [pid 11052:tid 364] AH00094: Command line: 'd:\\wordpess xamp install\\apache\\bin\\httpd.exe -d D:/wordpess xamp install/apache'
[Fri Oct 18 17:36:26.044066 2024] [mpm_winnt:notice] [pid 11052:tid 364] AH00418: Parent: Created child process 14416
[Fri Oct 18 17:36:27.386228 2024] [ssl:warn] [pid 14416:tid 364] AH01909: www.example.com:443:0 server certificate does NOT include an ID which matches the server name
[Fri Oct 18 17:36:27.594879 2024] [ssl:warn] [pid 14416:tid 364] AH01909: www.example.com:443:0 server certificate does NOT include an ID which matches the server name
[Fri Oct 18 17:36:27.672879 2024] [mpm_winnt:notice] [pid 14416:tid 364] AH00354: Child: Starting 150 worker threads.
[Fri Oct 18 17:37:01.988291 2024] [php:warn] [pid 14416:tid 1924] [client ::1:50157] PHP Warning:  Undefined array key "options" in D:\\wordpess xamp install\\htdocs\\rchcabs\\wordpress\\wp-content\\plugins\\pro-elements\\modules\\theme-builder\\widgets\\site-logo.php on line 194, referer: http://localhost/rchcabs/wordpress/wp-admin/post.php?post=11&action=elementor
[Fri Oct 18 17:37:12.861554 2024] [php:warn] [pid 14416:tid 1912] [client ::1:50190] PHP Warning:  Undefined array key "options" in D:\\wordpess xamp install\\htdocs\\rchcabs\\wordpress\\wp-content\\plugins\\pro-elements\\modules\\theme-builder\\widgets\\site-logo.php on line 194, referer: http://localhost/rchcabs/wordpress/wp-admin/post.php?post=11&action=elementor
[Fri Oct 18 17:41:17.150015 2024] [php:warn] [pid 14416:tid 1924] [client ::1:50264] PHP Warning:  Undefined array key "options" in D:\\wordpess xamp install\\htdocs\\rchcabs\\wordpress\\wp-content\\plugins\\pro-elements\\modules\\theme-builder\\widgets\\site-logo.php on line 194, referer: http://localhost/rchcabs/wordpress/?page_id=11&preview_id=11&preview_nonce=0a694ce586&preview=true
[Fri Oct 18 18:20:02.794736 2024] [php:warn] [pid 14416:tid 1904] [client ::1:51731] PHP Warning:  Undefined array key "options" in D:\\wordpess xamp install\\htdocs\\rchcabs\\wordpress\\wp-content\\plugins\\pro-elements\\modules\\theme-builder\\widgets\\site-logo.php on line 194, referer: http://localhost/rchcabs/wordpress/?page_id=13&elementor-preview=13&ver=1729255029
[Fri Oct 18 18:22:35.444045 2024] [php:warn] [pid 14416:tid 1920] [client ::1:51842] PHP Warning:  Undefined array key "options" in D:\\wordpess xamp install\\htdocs\\rchcabs\\wordpress\\wp-content\\plugins\\pro-elements\\modules\\theme-builder\\widgets\\site-logo.php on line 194
[Fri Oct 18 18:22:36.719331 2024] [php:warn] [pid 14416:tid 1920] [client ::1:51856] PHP Warning:  Undefined array key "options" in D:\\wordpess xamp install\\htdocs\\rchcabs\\wordpress\\wp-content\\plugins\\pro-elements\\modules\\theme-builder\\widgets\\site-logo.php on line 194
[Fri Oct 18 18:22:37.906178 2024] [php:warn] [pid 14416:tid 1920] [client ::1:51862] PHP Warning:  Undefined array key "options" in D:\\wordpess xamp install\\htdocs\\rchcabs\\wordpress\\wp-content\\plugins\\pro-elements\\modules\\theme-builder\\widgets\\site-logo.php on line 194
[Fri Oct 18 18:22:39.056239 2024] [php:warn] [pid 14416:tid 1920] [client ::1:51869] PHP Warning:  Undefined array key "options" in D:\\wordpess xamp install\\htdocs\\rchcabs\\wordpress\\wp-content\\plugins\\pro-elements\\modules\\theme-builder\\widgets\\site-logo.php on line 194
[Fri Oct 18 18:22:40.194610 2024] [php:warn] [pid 14416:tid 1920] [client ::1:51875] PHP Warning:  Undefined array key "options" in D:\\wordpess xamp install\\htdocs\\rchcabs\\wordpress\\wp-content\\plugins\\pro-elements\\modules\\theme-builder\\widgets\\site-logo.php on line 194
[Fri Oct 18 18:37:24.541996 2024] [php:warn] [pid 14416:tid 1920] [client ::1:52586] PHP Warning:  Undefined array key "options" in D:\\wordpess xamp install\\htdocs\\rchcabs\\wordpress\\wp-content\\plugins\\pro-elements\\modules\\theme-builder\\widgets\\site-logo.php on line 194, referer: http://localhost/rchcabs/wordpress/?page_id=13&elementor-preview=13&ver=1729255029
